<?xml version="1.0" encoding="UTF-8"?>
<testsuites>
  <testsuite name="" tests="13" assertions="15" errors="0" warnings="0" failures="0" skipped="0" time="0.002226">
    <testsuite name="Placetopay Test Suite" tests="13" assertions="15" errors="0" warnings="0" failures="0" skipped="0" time="0.002226">
      <testsuite name="Larangogon\PhpRabbitmq\Tests\Feature\Validator\TypeValidatorContractTest" file="/home/leidyarango/php_rabbitMQ/tests/Feature/Validator/TypeValidatorContractTest.php" tests="10" assertions="10" errors="0" warnings="0" failures="0" skipped="0" time="0.001385">
        <testsuite name="Larangogon\PhpRabbitmq\Tests\Feature\Validator\TypeValidatorContractTest::itMustReturnFalseWhenValidateDataFailed" tests="5" assertions="5" errors="0" warnings="0" failures="0" skipped="0" time="0.001240">
          <testcase name="itMustReturnFalseWhenValidateDataFailed with data set &quot;data type boolean&quot;" class="Larangogon\PhpRabbitmq\Tests\Feature\Validator\TypeValidatorContractTest" classname="Larangogon.PhpRabbitmq.Tests.Feature.Validator.TypeValidatorContractTest" file="/home/leidyarango/php_rabbitMQ/tests/Feature/Validator/TypeValidatorContractTest.php" line="27" assertions="1" time="0.001034"/>
          <testcase name="itMustReturnFalseWhenValidateDataFailed with data set &quot;data type float&quot;" class="Larangogon\PhpRabbitmq\Tests\Feature\Validator\TypeValidatorContractTest" classname="Larangogon.PhpRabbitmq.Tests.Feature.Validator.TypeValidatorContractTest" file="/home/leidyarango/php_rabbitMQ/tests/Feature/Validator/TypeValidatorContractTest.php" line="27" assertions="1" time="0.000059"/>
          <testcase name="itMustReturnFalseWhenValidateDataFailed with data set &quot;data type string&quot;" class="Larangogon\PhpRabbitmq\Tests\Feature\Validator\TypeValidatorContractTest" classname="Larangogon.PhpRabbitmq.Tests.Feature.Validator.TypeValidatorContractTest" file="/home/leidyarango/php_rabbitMQ/tests/Feature/Validator/TypeValidatorContractTest.php" line="27" assertions="1" time="0.000051"/>
          <testcase name="itMustReturnFalseWhenValidateDataFailed with data set &quot;data type array&quot;" class="Larangogon\PhpRabbitmq\Tests\Feature\Validator\TypeValidatorContractTest" classname="Larangogon.PhpRabbitmq.Tests.Feature.Validator.TypeValidatorContractTest" file="/home/leidyarango/php_rabbitMQ/tests/Feature/Validator/TypeValidatorContractTest.php" line="27" assertions="1" time="0.000051"/>
          <testcase name="itMustReturnFalseWhenValidateDataFailed with data set &quot;data type integer&quot;" class="Larangogon\PhpRabbitmq\Tests\Feature\Validator\TypeValidatorContractTest" classname="Larangogon.PhpRabbitmq.Tests.Feature.Validator.TypeValidatorContractTest" file="/home/leidyarango/php_rabbitMQ/tests/Feature/Validator/TypeValidatorContractTest.php" line="27" assertions="1" time="0.000044"/>
        </testsuite>
        <testsuite name="Larangogon\PhpRabbitmq\Tests\Feature\Validator\TypeValidatorContractTest::itMustReturnTrueWhenValidateDataSuccessfully" tests="5" assertions="5" errors="0" warnings="0" failures="0" skipped="0" time="0.000145">
          <testcase name="itMustReturnTrueWhenValidateDataSuccessfully with data set &quot;data type array&quot;" class="Larangogon\PhpRabbitmq\Tests\Feature\Validator\TypeValidatorContractTest" classname="Larangogon.PhpRabbitmq.Tests.Feature.Validator.TypeValidatorContractTest" file="/home/leidyarango/php_rabbitMQ/tests/Feature/Validator/TypeValidatorContractTest.php" line="18" assertions="1" time="0.000062"/>
          <testcase name="itMustReturnTrueWhenValidateDataSuccessfully with data set &quot;data type boolean&quot;" class="Larangogon\PhpRabbitmq\Tests\Feature\Validator\TypeValidatorContractTest" classname="Larangogon.PhpRabbitmq.Tests.Feature.Validator.TypeValidatorContractTest" file="/home/leidyarango/php_rabbitMQ/tests/Feature/Validator/TypeValidatorContractTest.php" line="18" assertions="1" time="0.000020"/>
          <testcase name="itMustReturnTrueWhenValidateDataSuccessfully with data set &quot;data type integer&quot;" class="Larangogon\PhpRabbitmq\Tests\Feature\Validator\TypeValidatorContractTest" classname="Larangogon.PhpRabbitmq.Tests.Feature.Validator.TypeValidatorContractTest" file="/home/leidyarango/php_rabbitMQ/tests/Feature/Validator/TypeValidatorContractTest.php" line="18" assertions="1" time="0.000018"/>
          <testcase name="itMustReturnTrueWhenValidateDataSuccessfully with data set &quot;data type string&quot;" class="Larangogon\PhpRabbitmq\Tests\Feature\Validator\TypeValidatorContractTest" classname="Larangogon.PhpRabbitmq.Tests.Feature.Validator.TypeValidatorContractTest" file="/home/leidyarango/php_rabbitMQ/tests/Feature/Validator/TypeValidatorContractTest.php" line="18" assertions="1" time="0.000019"/>
          <testcase name="itMustReturnTrueWhenValidateDataSuccessfully with data set &quot;data type float&quot;" class="Larangogon\PhpRabbitmq\Tests\Feature\Validator\TypeValidatorContractTest" classname="Larangogon.PhpRabbitmq.Tests.Feature.Validator.TypeValidatorContractTest" file="/home/leidyarango/php_rabbitMQ/tests/Feature/Validator/TypeValidatorContractTest.php" line="18" assertions="1" time="0.000026"/>
        </testsuite>
      </testsuite>
      <testsuite name="Larangogon\PhpRabbitmq\Tests\Feature\Validator\ValidateDataTest" file="/home/leidyarango/php_rabbitMQ/tests/Feature/Validator/ValidateDataTest.php" tests="3" assertions="5" errors="0" warnings="0" failures="0" skipped="0" time="0.000841">
        <testsuite name="Larangogon\PhpRabbitmq\Tests\Feature\Validator\ValidateDataTest::itExpectsWrongDataTypeExceptionWhenTypeIsWrong" tests="1" assertions="2" errors="0" warnings="0" failures="0" skipped="0" time="0.000577">
          <testcase name="itExpectsWrongDataTypeExceptionWhenTypeIsWrong with data set &quot;DataRequest&quot;" class="Larangogon\PhpRabbitmq\Tests\Feature\Validator\ValidateDataTest" classname="Larangogon.PhpRabbitmq.Tests.Feature.Validator.ValidateDataTest" file="/home/leidyarango/php_rabbitMQ/tests/Feature/Validator/ValidateDataTest.php" line="38" assertions="2" time="0.000577"/>
        </testsuite>
        <testsuite name="Larangogon\PhpRabbitmq\Tests\Feature\Validator\ValidateDataTest::itReturnTheRequestIfTheOptionalDataDoesNotCome" tests="1" assertions="1" errors="0" warnings="0" failures="0" skipped="0" time="0.000103">
          <testcase name="itReturnTheRequestIfTheOptionalDataDoesNotCome with data set &quot;DataRequest&quot;" class="Larangogon\PhpRabbitmq\Tests\Feature\Validator\ValidateDataTest" classname="Larangogon.PhpRabbitmq.Tests.Feature.Validator.ValidateDataTest" file="/home/leidyarango/php_rabbitMQ/tests/Feature/Validator/ValidateDataTest.php" line="53" assertions="1" time="0.000103"/>
        </testsuite>
        <testsuite name="Larangogon\PhpRabbitmq\Tests\Feature\Validator\ValidateDataTest::itExpectsMissingFieldExceptionWhenAFieldIsMissing" tests="1" assertions="2" errors="0" warnings="0" failures="0" skipped="0" time="0.000160">
          <testcase name="itExpectsMissingFieldExceptionWhenAFieldIsMissing with data set &quot;DataRequest&quot;" class="Larangogon\PhpRabbitmq\Tests\Feature\Validator\ValidateDataTest" classname="Larangogon.PhpRabbitmq.Tests.Feature.Validator.ValidateDataTest" file="/home/leidyarango/php_rabbitMQ/tests/Feature/Validator/ValidateDataTest.php" line="19" assertions="2" time="0.000160"/>
        </testsuite>
      </testsuite>
    </testsuite>
  </testsuite>
</testsuites>
