<?xml version="1.0" encoding="UTF-8"?>
<testsuites>
  <testsuite name="" tests="10" assertions="10" errors="0" warnings="0" failures="0" skipped="0" time="0.008698">
    <testsuite name="Placetopay Test Suite" tests="10" assertions="10" errors="0" warnings="0" failures="0" skipped="0" time="0.008698">
      <testsuite name="Larangogon\PhpRabbitmq\Tests\Feature\Validator\TypeValidatorContractTest" file="/home/leidyarango/php_rabbitMQ/tests/Feature/Validator/TypeValidatorContractTest.php" tests="10" assertions="10" errors="0" warnings="0" failures="0" skipped="0" time="0.008698">
        <testsuite name="Larangogon\PhpRabbitmq\Tests\Feature\Validator\TypeValidatorContractTest::itMustReturnTrueWhenValidateDataSuccessfully" tests="5" assertions="5" errors="0" warnings="0" failures="0" skipped="0" time="0.008258">
          <testcase name="itMustReturnTrueWhenValidateDataSuccessfully with data set &quot;data type integer&quot;" class="Larangogon\PhpRabbitmq\Tests\Feature\Validator\TypeValidatorContractTest" classname="Larangogon.PhpRabbitmq.Tests.Feature.Validator.TypeValidatorContractTest" file="/home/leidyarango/php_rabbitMQ/tests/Feature/Validator/TypeValidatorContractTest.php" line="18" assertions="1" time="0.007189"/>
          <testcase name="itMustReturnTrueWhenValidateDataSuccessfully with data set &quot;data type string&quot;" class="Larangogon\PhpRabbitmq\Tests\Feature\Validator\TypeValidatorContractTest" classname="Larangogon.PhpRabbitmq.Tests.Feature.Validator.TypeValidatorContractTest" file="/home/leidyarango/php_rabbitMQ/tests/Feature/Validator/TypeValidatorContractTest.php" line="18" assertions="1" time="0.000217"/>
          <testcase name="itMustReturnTrueWhenValidateDataSuccessfully with data set &quot;data type boolean&quot;" class="Larangogon\PhpRabbitmq\Tests\Feature\Validator\TypeValidatorContractTest" classname="Larangogon.PhpRabbitmq.Tests.Feature.Validator.TypeValidatorContractTest" file="/home/leidyarango/php_rabbitMQ/tests/Feature/Validator/TypeValidatorContractTest.php" line="18" assertions="1" time="0.000230"/>
          <testcase name="itMustReturnTrueWhenValidateDataSuccessfully with data set &quot;data type float&quot;" class="Larangogon\PhpRabbitmq\Tests\Feature\Validator\TypeValidatorContractTest" classname="Larangogon.PhpRabbitmq.Tests.Feature.Validator.TypeValidatorContractTest" file="/home/leidyarango/php_rabbitMQ/tests/Feature/Validator/TypeValidatorContractTest.php" line="18" assertions="1" time="0.000467"/>
          <testcase name="itMustReturnTrueWhenValidateDataSuccessfully with data set &quot;data type array&quot;" class="Larangogon\PhpRabbitmq\Tests\Feature\Validator\TypeValidatorContractTest" classname="Larangogon.PhpRabbitmq.Tests.Feature.Validator.TypeValidatorContractTest" file="/home/leidyarango/php_rabbitMQ/tests/Feature/Validator/TypeValidatorContractTest.php" line="18" assertions="1" time="0.000155"/>
        </testsuite>
        <testsuite name="Larangogon\PhpRabbitmq\Tests\Feature\Validator\TypeValidatorContractTest::itMustReturnFalseWhenValidateDataFailed" tests="5" assertions="5" errors="0" warnings="0" failures="0" skipped="0" time="0.000440">
          <testcase name="itMustReturnFalseWhenValidateDataFailed with data set &quot;data type boolean&quot;" class="Larangogon\PhpRabbitmq\Tests\Feature\Validator\TypeValidatorContractTest" classname="Larangogon.PhpRabbitmq.Tests.Feature.Validator.TypeValidatorContractTest" file="/home/leidyarango/php_rabbitMQ/tests/Feature/Validator/TypeValidatorContractTest.php" line="27" assertions="1" time="0.000353"/>
          <testcase name="itMustReturnFalseWhenValidateDataFailed with data set &quot;data type string&quot;" class="Larangogon\PhpRabbitmq\Tests\Feature\Validator\TypeValidatorContractTest" classname="Larangogon.PhpRabbitmq.Tests.Feature.Validator.TypeValidatorContractTest" file="/home/leidyarango/php_rabbitMQ/tests/Feature/Validator/TypeValidatorContractTest.php" line="27" assertions="1" time="0.000022"/>
          <testcase name="itMustReturnFalseWhenValidateDataFailed with data set &quot;data type array&quot;" class="Larangogon\PhpRabbitmq\Tests\Feature\Validator\TypeValidatorContractTest" classname="Larangogon.PhpRabbitmq.Tests.Feature.Validator.TypeValidatorContractTest" file="/home/leidyarango/php_rabbitMQ/tests/Feature/Validator/TypeValidatorContractTest.php" line="27" assertions="1" time="0.000020"/>
          <testcase name="itMustReturnFalseWhenValidateDataFailed with data set &quot;data type float&quot;" class="Larangogon\PhpRabbitmq\Tests\Feature\Validator\TypeValidatorContractTest" classname="Larangogon.PhpRabbitmq.Tests.Feature.Validator.TypeValidatorContractTest" file="/home/leidyarango/php_rabbitMQ/tests/Feature/Validator/TypeValidatorContractTest.php" line="27" assertions="1" time="0.000019"/>
          <testcase name="itMustReturnFalseWhenValidateDataFailed with data set &quot;data type integer&quot;" class="Larangogon\PhpRabbitmq\Tests\Feature\Validator\TypeValidatorContractTest" classname="Larangogon.PhpRabbitmq.Tests.Feature.Validator.TypeValidatorContractTest" file="/home/leidyarango/php_rabbitMQ/tests/Feature/Validator/TypeValidatorContractTest.php" line="27" assertions="1" time="0.000025"/>
        </testsuite>
      </testsuite>
    </testsuite>
  </testsuite>
</testsuites>
